<?xml version="1.0" encoding="UTF-8"?>
<Site BuildName="Linux-g++"
	BuildStamp="20240304-1716-Experimental"
	Name="Nyartie"
	Generator="ctest-3.22.1"
	CompilerName="/usr/bin/g++"
	CompilerVersion="11.4.0"
	OSName="Linux"
	Hostname="Nyartie"
	OSRelease="6.5.0-21-generic"
	OSVersion="#21~22.04.1-Ubuntu SMP PREEMPT_DYNAMIC Fri Feb  9 13:32:52 UTC 2"
	OSPlatform="x86_64"
	Is64Bits="1"
	VendorString="GenuineIntel"
	VendorID="Intel Corporation"
	FamilyID="6"
	ModelID="140"
	ProcessorCacheSize="8192"
	NumberOfLogicalCPU="4"
	NumberOfPhysicalCPU="4"
	TotalVirtualMemory="2047"
	TotalPhysicalMemory="7932"
	LogicalProcessorsPerPhysical="1"
	ProcessorClockFrequency="2419.2"
	>
	<Testing>
		<StartDateTime>Mar 04 22:00 MSK</StartDateTime>
		<StartTestTime>1709578848</StartTestTime>
		<TestList/>
		<EndDateTime>Mar 04 22:00 MSK</EndDateTime>
		<EndTestTime>1709578848</EndTestTime>
		<ElapsedMinutes>0</ElapsedMinutes>
	</Testing>
</Site>
